<?xml version="1.0" encoding="UTF-8"?>
<!-- Generated by org.testng.reporters.JUnitReportReporter -->
<testsuite hostname="DESKTOP-QE9SMKC" failures="0" tests="2" name="rahulshettyacademy.SeleniumTest" time="0.001" errors="0" timestamp="2022-03-17T14:34:30 IST" skipped="0">
  <testcase classname="rahulshettyacademy.SeleniumTest" name="elementsUi" time="0.000"/>
  <system-out/>
  <testcase classname="rahulshettyacademy.SeleniumTest" name="BrowserAUtomation" time="0.001"/>
  <system-out/>
</testsuite> <!-- rahulshettyacademy.SeleniumTest -->
