<?xml version="1.0" encoding="UTF-8"?>
<!-- Generated by org.testng.reporters.JUnitReportReporter -->
<testsuite hostname="DESKTOP-QE9SMKC" failures="0" tests="2" name="rahulshettyacademy.RESTAPITest" time="0.000" errors="0" timestamp="2022-03-17T14:34:30 IST" skipped="0">
  <testcase classname="rahulshettyacademy.RESTAPITest" name="posJira" time="0.000"/>
  <system-out/>
  <testcase classname="rahulshettyacademy.RESTAPITest" name="deleteTwitter" time="0.000"/>
  <system-out/>
</testsuite> <!-- rahulshettyacademy.RESTAPITest -->
