<?xml version="1.0" encoding="UTF-8"?>
<!-- Generated by org.testng.reporters.JUnitReportReporter -->
<testsuite hostname="DESKTOP-QE9SMKC" failures="0" tests="2" name="rahulshettyacademy.AppiumTest" time="0.006" errors="0" timestamp="2022-03-17T14:34:30 IST" skipped="0">
  <testcase classname="rahulshettyacademy.AppiumTest" name="NativeAppAndroid" time="0.000"/>
  <system-out/>
  <testcase classname="rahulshettyacademy.AppiumTest" name="IOSApps" time="0.006"/>
  <system-out/>
</testsuite> <!-- rahulshettyacademy.AppiumTest -->
